<?xml version="1.0" encoding="utf-8"?><testsuites name="pytest tests"><testsuite name="pytest" errors="0" failures="0" skipped="0" tests="15" time="8.650" timestamp="2026-04-27T09:31:12.991746+00:00" hostname="agent-env-afacbf9b-2403-4ff1-b49d-b96b10204fa7"><testcase classname="backend.tests.test_medstore" name="test_login_admin" time="0.491" /><testcase classname="backend.tests.test_medstore" name="test_login_invalid" time="0.123" /><testcase classname="backend.tests.test_medstore" name="test_me" time="0.443" /><testcase classname="backend.tests.test_medstore" name="test_me_no_token" time="0.108" /><testcase classname="backend.tests.test_medstore" name="test_medicine_crud" time="0.792" /><testcase classname="backend.tests.test_medstore" name="test_dashboard_stats" time="0.146" /><testcase classname="backend.tests.test_medstore" name="test_free_limit" time="2.472" /><testcase classname="backend.tests.test_medstore" name="test_bank_details" time="0.110" /><testcase classname="backend.tests.test_medstore" name="test_payment_submit_and_list" time="0.215" /><testcase classname="backend.tests.test_medstore" name="test_admin_guard_non_admin" time="0.101" /><testcase classname="backend.tests.test_medstore" name="test_admin_users_list" time="0.444" /><testcase classname="backend.tests.test_medstore" name="test_admin_stats" time="0.096" /><testcase classname="backend.tests.test_medstore" name="test_admin_approve_flow" time="0.649" /><testcase classname="backend.tests.test_medstore" name="test_admin_reject_payment" time="0.208" /><testcase classname="backend.tests.test_medstore" name="test_ocr_extract" time="2.161" /></testsuite></testsuites>