<?xml version="1.0" encoding="utf-8"?><testsuites name="pytest tests"><testsuite name="pytest" errors="0" failures="0" skipped="0" tests="22" time="9.625" timestamp="2026-04-28T12:55:23.987384+00:00" hostname="agent-env-afacbf9b-2403-4ff1-b49d-b96b10204fa7"><testcase classname="backend.tests.test_medstore" name="test_login_admin_is_premium" time="0.475" /><testcase classname="backend.tests.test_medstore" name="test_register_returns_free_user" time="0.602" /><testcase classname="backend.tests.test_medstore" name="test_login_invalid" time="0.120" /><testcase classname="backend.tests.test_medstore" name="test_free_user_post_medicine_blocked_402" time="0.184" /><testcase classname="backend.tests.test_medstore" name="test_free_user_ocr_blocked_402" time="0.201" /><testcase classname="backend.tests.test_medstore" name="test_free_user_can_read_medicines" time="0.123" /><testcase classname="backend.tests.test_medstore" name="test_free_user_can_read_stats" time="0.207" /><testcase classname="backend.tests.test_medstore" name="test_admin_medicine_crud" time="1.150" /><testcase classname="backend.tests.test_medstore" name="test_admin_ocr_extract" time="1.951" /><testcase classname="backend.tests.test_medstore" name="test_bank_details_has_new_qr" time="0.257" /><testcase classname="backend.tests.test_medstore" name="test_payment_submit_and_list" time="0.243" /><testcase classname="backend.tests.test_medstore" name="test_admin_guard_non_admin" time="0.107" /><testcase classname="backend.tests.test_medstore" name="test_admin_users_list" time="0.219" /><testcase classname="backend.tests.test_medstore" name="test_admin_stats" time="0.201" /><testcase classname="backend.tests.test_medstore" name="test_admin_approve_unblocks_user" time="1.118" /><testcase classname="backend.tests.test_medstore" name="test_admin_reject_payment" time="0.397" /><testcase classname="backend.tests.test_medstore" name="test_membership_status_admin" time="0.173" /><testcase classname="backend.tests.test_medstore" name="test_membership_status_fresh_free_user" time="0.124" /><testcase classname="backend.tests.test_medstore" name="test_membership_status_premium_near_expiry" time="0.539" /><testcase classname="backend.tests.test_medstore" name="test_membership_status_premium_far_expiry" time="0.613" /><testcase classname="backend.tests.test_medstore" name="test_alerts_recent_returns_items_array" time="0.182" /><testcase classname="backend.tests.test_medstore" name="test_alerts_live_shape" time="0.361" /></testsuite></testsuites>